对战摘要
  状态: success
  Agent A: crustle_mega_kangaskhan_rule_compact_v3
  Agent B: mega_lucario_beginner
  winner: 0
  终局原因: no_active
  turn: 11
  steps: 49

回合摘要
准备阶段
  玩家: 0 (crustle_mega_kangaskhan_rule_compact_v3)
  起始手牌: 未知
  动作:
    - 动作 1: 选择 YES
  结果:
    - 玩家 0 抽了 1 张未知牌
    - 玩家 1 抽到了 超级路卡利欧ex
    - 玩家 1 抽到了 利欧路
    - 玩家 1 抽到了 基本【斗】能量
    - 玩家 1 抽到了 力量蛋白
    - 玩家 1 抽到了 超力王
    - HAS_BASIC_POKEMON

准备阶段
  玩家: 1 (mega_lucario_beginner)
  起始手牌: 超级路卡利欧ex, 利欧路, 超级路卡利欧ex, 基本【斗】能量, 力量蛋白, 超力王, 基本【斗】能量
  动作:
    - 动作 2: 选择 手牌 区的 利欧路
  结果:
    - MOVE_CARD_REVERSE
    - 玩家 0 将 白露的真心 从 手牌 移动到 牌库
    - 玩家 0 将 薄雾能量 从 手牌 移动到 牌库
    - 玩家 0 将 友好松饼 从 手牌 移动到 牌库
    - 玩家 0 将 老大的指令 从 手牌 移动到 牌库
    - 玩家 0 将 特大冰淇淋 从 手牌 移动到 牌库
    - 玩家 0 将 莉莉艾的决心 从 手牌 移动到 牌库
    - 玩家 0 将 岩殿居蟹 从 手牌 移动到 牌库
    - SHUFFLE
    - 玩家 0 抽到了 宝可装置3.0
    - 玩家 0 抽到了 石居蟹
    - 玩家 0 抽到了 斗子
    - 玩家 0 抽到了 英雄斗篷
    - 玩家 0 抽到了 岩殿居蟹
    - 玩家 0 抽到了 成长【草】能量
    - 玩家 0 抽到了 友好松饼
    - HAS_BASIC_POKEMON

准备阶段
  玩家: 0 (crustle_mega_kangaskhan_rule_compact_v3)
  起始手牌: 宝可装置3.0, 石居蟹, 斗子, 英雄斗篷, 岩殿居蟹, 成长【草】能量, 友好松饼
  动作:
    - 动作 3: 选择 手牌 区的 石居蟹
  结果:
    - 无可读事件

准备阶段
  玩家: 1 (mega_lucario_beginner)
  起始手牌: 超级路卡利欧ex, 超级路卡利欧ex, 基本【斗】能量, 力量蛋白, 超力王, 基本【斗】能量
  动作:
    - 动作 4: 选择数字 1
  结果:
    - 无可读事件

第 1 回合
  玩家: 0 (crustle_mega_kangaskhan_rule_compact_v3)
  起始手牌: 宝可装置3.0, 斗子, 英雄斗篷, 岩殿居蟹, 成长【草】能量, 友好松饼, 成长【草】能量
  动作:
    - 动作 1: 打出手牌 #5
    - 动作 2: 选择 牌库 区的 石居蟹
    - 动作 3: 附加卡牌到目标宝可梦
    - 动作 4: 打出手牌 #0
    - 动作 5: 选择 查看区 区的 火箭队的兰斯达
    - 动作 6: 附加卡牌到目标宝可梦
    - 动作 7: 结束回合
  结果:
    - SHUFFLE
    - 玩家 0 将 成长【草】能量 从 牌库 移动到 查看区
    - 玩家 0 将 特大冰淇淋 从 牌库 移动到 查看区
    - 玩家 0 将 尖刺能量 从 牌库 移动到 查看区
    - 玩家 0 将 火箭队的兰斯达 从 牌库 移动到 查看区
    - 玩家 0 将 岩殿居蟹 从 牌库 移动到 查看区
    - 玩家 0 将 莉莉艾的决心 从 牌库 移动到 查看区
    - TURN_START
    - 玩家 0 抽了 1 张未知牌
    - 玩家 0 打出了 友好松饼
    - 玩家 0 将 石居蟹 从 牌库 移动到 备战区
    - 玩家 0 将 成长【草】能量 附加到 石居蟹
    - 玩家 0 打出了 宝可装置3.0
    - MOVE_CARD_REVERSE
    - 玩家 0 将 火箭队的兰斯达 从 查看区 移动到 手牌
    - 玩家 0 将 英雄斗篷 附加到 石居蟹
    - TURN_END
    - 玩家 1 抽到了 黑暗球

第 2 回合
  玩家: 1 (mega_lucario_beginner)
  起始手牌: 超级路卡利欧ex, 超级路卡利欧ex, 基本【斗】能量, 力量蛋白, 超力王, 基本【斗】能量, 基本【斗】能量, 黑暗球
  动作:
    - 动作 1: 打出手牌 #7
    - 动作 2: 选择 查看区 区的 太阳岩
    - 动作 3: 打出手牌 #7
    - 动作 4: 附加卡牌到目标宝可梦
    - 动作 5: 打出手牌 #2
    - 动作 6: 使用招式 Accelerating Stab
  结果:
    - TURN_START
    - 玩家 1 抽了 1 张未知牌
    - 玩家 1 打出了 黑暗球
    - MOVE_CARD_REVERSE
    - 玩家 1 将 太阳岩 从 查看区 移动到 手牌
    - SHUFFLE
    - 玩家 1 打出了 太阳岩
    - 玩家 1 将 基本【斗】能量 附加到 利欧路
    - 玩家 1 打出了 力量蛋白
    - 玩家 1 使用了招式 Accelerating Stab
    - HP_CHANGE
    - TURN_END
    - 玩家 0 抽到了 特大冰淇淋

第 3 回合
  玩家: 0 (crustle_mega_kangaskhan_rule_compact_v3)
  起始手牌: 斗子, 岩殿居蟹, 成长【草】能量, 火箭队的兰斯达, 特大冰淇淋
  动作:
    - 动作 1: 让宝可梦进化为 #1
    - 动作 2: 打出手牌 #2
    - 动作 3: 选择 牌库 区的 枇琶
    - 动作 4: 附加卡牌到目标宝可梦
    - 动作 5: 结束回合
  结果:
    - SHUFFLE
    - HP_CHANGE
    - TURN_END
    - TURN_START
    - 玩家 0 抽了 1 张未知牌
    - EVOLVE
    - 玩家 0 打出了 火箭队的兰斯达
    - 玩家 0 将 枇琶 从 牌库 移动到 手牌
    - 玩家 0 将 成长【草】能量 附加到 岩殿居蟹
    - 玩家 1 抽到了 重力山

第 4 回合
  玩家: 1 (mega_lucario_beginner)
  起始手牌: 超级路卡利欧ex, 超级路卡利欧ex, 超力王, 基本【斗】能量, 基本【斗】能量, 重力山
  动作:
    - 动作 1: 让宝可梦进化为 #0
    - 动作 2: 附加卡牌到目标宝可梦
    - 动作 3: 使用招式 Mega Brave
  结果:
    - TURN_START
    - 玩家 1 抽了 1 张未知牌
    - EVOLVE
    - 玩家 1 将 基本【斗】能量 附加到 超级路卡利欧ex
    - 玩家 1 使用了招式 Mega Brave
    - HP_CHANGE
    - TURN_END
    - 玩家 0 抽到了 白露的真心

第 5 回合
  玩家: 0 (crustle_mega_kangaskhan_rule_compact_v3)
  起始手牌: 斗子, 特大冰淇淋, 枇琶, 白露的真心
  动作:
    - 动作 1: 打出手牌 #0
    - 动作 2: 选择 牌库 区的 岩殿居蟹
    - 动作 3: 选择 牌库 区的 成长【草】能量
    - 动作 4: 附加卡牌到目标宝可梦
    - 动作 5: 让宝可梦进化为 #3
    - 动作 6: 打出手牌 #0
    - 动作 7: 使用招式 Superb Scissors
  结果:
    - SHUFFLE
    - HP_CHANGE
    - TURN_END
    - TURN_START
    - 玩家 0 抽了 1 张未知牌
    - 玩家 0 打出了 斗子
    - 玩家 0 将 岩殿居蟹 从 牌库 移动到 手牌
    - 玩家 0 将 成长【草】能量 从 牌库 移动到 手牌
    - 玩家 0 将 成长【草】能量 附加到 岩殿居蟹
    - EVOLVE
    - 玩家 0 打出了 特大冰淇淋
    - 玩家 0 使用了招式 Superb Scissors
    - 玩家 1 抽到了 超力王

第 6 回合
  玩家: 1 (mega_lucario_beginner)
  起始手牌: 超级路卡利欧ex, 超力王, 基本【斗】能量, 重力山, 超力王
  动作:
    - 动作 1: 附加卡牌到目标宝可梦
    - 动作 2: 使用招式 Aura Jab
  结果:
    - HP_CHANGE
    - TURN_END
    - TURN_START
    - 玩家 1 抽了 1 张未知牌
    - 玩家 1 将 基本【斗】能量 附加到 太阳岩
    - 玩家 1 使用了招式 Aura Jab
    - 玩家 0 抽到了 尖刺能量

第 7 回合
  玩家: 0 (crustle_mega_kangaskhan_rule_compact_v3)
  起始手牌: 枇琶, 白露的真心, 尖刺能量
  动作:
    - 动作 1: 附加卡牌到目标宝可梦
    - 动作 2: 打出手牌 #0
    - 动作 4: 使用招式 Superb Scissors
  结果:
    - 玩家 1 将 超级路卡利欧ex 从 手牌 移动到 查看区
    - 玩家 1 将 超力王 从 手牌 移动到 查看区
    - 玩家 1 将 重力山 从 手牌 移动到 查看区
    - 玩家 1 将 超级路卡利欧ex 从 查看区 移动到 手牌
    - 玩家 1 将 超力王 从 查看区 移动到 手牌
    - 玩家 1 将 重力山 从 查看区 移动到 手牌
    - MOVE_CARD_REVERSE
    - 玩家 0 使用了招式 Superb Scissors
    - HP_CHANGE
    - TURN_END
    - TURN_START
    - 玩家 1 抽到了 基本【斗】能量

第 8 回合
  玩家: 1 (mega_lucario_beginner)
  起始手牌: 超级路卡利欧ex, 超力王, 重力山, 超力王, 基本【斗】能量
  动作:
    - 动作 1: 附加卡牌到目标宝可梦
    - 动作 2: 使用招式 Mega Brave
  结果:
    - HP_CHANGE
    - TURN_END
    - TURN_START
    - 玩家 1 抽了 1 张未知牌
    - 玩家 1 将 基本【斗】能量 附加到 超级路卡利欧ex
    - 玩家 1 使用了招式 Mega Brave
    - 玩家 0 抽到了 薄雾能量

第 9 回合
  玩家: 0 (crustle_mega_kangaskhan_rule_compact_v3)
  起始手牌: 白露的真心, 薄雾能量
  动作:
    - 动作 1: 使用招式 Superb Scissors
    - 动作 2: 选择 奖赏卡 区的 #0；选择 奖赏卡 区的 #1；选择 奖赏卡 区的 #2
  结果:
    - 玩家 1 将 超级路卡利欧ex 从 战斗位 移动到 弃牌区
    - 玩家 1 将 利欧路 从 退化来源区 移动到 弃牌区
    - 玩家 1 将 基本【斗】能量 从 能量区 移动到 弃牌区
    - MOVE_CARD_REVERSE

第 9 回合
  玩家: 1 (mega_lucario_beginner)
  起始手牌: 超级路卡利欧ex, 超力王, 重力山, 超力王
  动作:
    - 动作 3: 选择 备战区 区的 太阳岩
  结果:
    - 无可读事件

第 10 回合
  玩家: 1 (mega_lucario_beginner)
  起始手牌: 超级路卡利欧ex, 超力王, 重力山, 超力王, 英雄斗篷
  动作:
    - 动作 1: 附加卡牌到目标宝可梦
    - 动作 2: 使用招式 Cosmic Beam
  结果:
    - 玩家 0 将 特大冰淇淋 从 奖赏卡 移动到 手牌
    - 玩家 0 将 薄雾能量 从 奖赏卡 移动到 手牌
    - 玩家 1 将 太阳岩 从 备战区 移动到 战斗位
    - TURN_END
    - TURN_START
    - 玩家 1 抽了 1 张未知牌
    - 玩家 1 将 英雄斗篷 附加到 太阳岩
    - 玩家 1 使用了招式 Cosmic Beam
    - 玩家 0 抽到了 祭典会场

第 11 回合
  玩家: 0 (crustle_mega_kangaskhan_rule_compact_v3)
  起始手牌: 白露的真心, 薄雾能量, 老大的指令, 特大冰淇淋, 薄雾能量, 祭典会场
  动作:
    - 动作 1: 附加卡牌到目标宝可梦
    - 动作 2: 打出手牌 #4
    - 动作 3: 使用招式 Superb Scissors
    - 动作 4: 选择 奖赏卡 区的 #0
  结果:
    - HP_CHANGE
    - 玩家 1 将 太阳岩 从 战斗位 移动到 弃牌区
    - 玩家 1 将 基本【斗】能量 从 能量区 移动到 弃牌区
    - 玩家 1 将 英雄斗篷 从 道具区 移动到 弃牌区
