对战摘要
  状态: success
  Agent A: crustle_mega_kangaskhan_rule_compact_v3
  Agent B: mega_lucario_beginner
  winner: 1
  终局原因: prize_out
  turn: 8
  steps: 107

回合摘要
准备阶段
  玩家: 0 (crustle_mega_kangaskhan_rule_compact_v3)
  起始手牌: 未知
  动作:
    - 动作 1: 选择 YES
    - 动作 2: 选择 手牌 区的 超级袋兽ex
  结果:
    - 玩家 0 抽到了 白露的真心
    - 玩家 0 抽到了 手持循环扇
    - 玩家 0 抽到了 尖刺能量
    - 玩家 0 抽到了 岩殿居蟹
    - 玩家 0 抽到了 火箭队的兰斯达
    - 玩家 0 抽到了 超级袋兽ex
    - 玩家 0 抽到了 高级球
    - 玩家 1 抽了 1 张未知牌
    - HAS_BASIC_POKEMON
    - MOVE_CARD_REVERSE
    - 玩家 1 将 重力山 从 手牌 移动到 牌库
    - 玩家 1 将 丹瑜 从 手牌 移动到 牌库
    - 玩家 1 将 老大的指令 从 手牌 移动到 牌库
    - 玩家 1 将 力量蛋白 从 手牌 移动到 牌库
    - 玩家 1 将 莉莉艾的决心 从 手牌 移动到 牌库
    - 玩家 1 将 基本【斗】能量 从 手牌 移动到 牌库
    - SHUFFLE
    - 玩家 1 抽到了 基本【斗】能量
    - 玩家 1 抽到了 幕下力士
    - 玩家 1 抽到了 丹瑜
    - 玩家 1 抽到了 太阳岩
    - 玩家 1 抽到了 宝可平板

准备阶段
  玩家: 1 (mega_lucario_beginner)
  起始手牌: 基本【斗】能量, 幕下力士, 丹瑜, 基本【斗】能量, 幕下力士, 太阳岩, 宝可平板
  动作:
    - 动作 3: 选择 手牌 区的 太阳岩
  结果:
    - 无可读事件

准备阶段
  玩家: 0 (crustle_mega_kangaskhan_rule_compact_v3)
  起始手牌: 白露的真心, 手持循环扇, 尖刺能量, 岩殿居蟹, 火箭队的兰斯达, 高级球
  动作:
    - 动作 4: 选择数字 0
  结果:
    - 无可读事件

准备阶段
  玩家: 1 (mega_lucario_beginner)
  起始手牌: 基本【斗】能量, 幕下力士, 丹瑜, 基本【斗】能量, 幕下力士, 宝可平板
  动作:
    - 动作 6: 选择 手牌 区的 幕下力士；选择 手牌 区的 幕下力士
  结果:
    - 无可读事件

第 1 回合
  玩家: 0 (crustle_mega_kangaskhan_rule_compact_v3)
  起始手牌: 白露的真心, 手持循环扇, 尖刺能量, 岩殿居蟹, 火箭队的兰斯达, 高级球, 手牌修剪器
  动作:
    - 动作 1: 打出手牌 #5
    - 动作 2: 选择 手牌 区的 火箭队的兰斯达；选择 手牌 区的 岩殿居蟹
    - 动作 3: 选择 牌库 区的 石居蟹
    - 动作 4: 打出手牌 #4
    - 动作 5: 附加卡牌到目标宝可梦
    - 动作 6: 附加卡牌到目标宝可梦
    - 动作 7: 使用能力 #0
    - 动作 8: 打出手牌 #2
    - 动作 9: 选择 牌库 区的 石居蟹
    - 动作 10: 结束回合
  结果:
    - 玩家 0 将 岩殿居蟹 从 手牌 移动到 弃牌区
    - 玩家 0 抽到了 特大冰淇淋
    - SHUFFLE
    - TURN_START
    - 玩家 0 抽了 1 张未知牌
    - 玩家 0 打出了 高级球
    - 玩家 0 将 火箭队的兰斯达 从 手牌 移动到 弃牌区
    - 玩家 0 将 石居蟹 从 牌库 移动到 手牌
    - 玩家 0 打出了 石居蟹
    - 玩家 0 将 尖刺能量 附加到 超级袋兽ex
    - 玩家 0 将 手持循环扇 附加到 超级袋兽ex
    - 玩家 0 打出了 友好松饼
    - 玩家 0 将 石居蟹 从 牌库 移动到 备战区
    - TURN_END
    - 玩家 1 抽到了 力量蛋白

第 2 回合
  玩家: 1 (mega_lucario_beginner)
  起始手牌: 基本【斗】能量, 丹瑜, 基本【斗】能量, 宝可平板, 力量蛋白
  动作:
    - 动作 1: 打出手牌 #3
    - 动作 2: 选择 牌库 区的 月石
    - 动作 3: 打出手牌 #4
    - 动作 4: 使用能力 #2
    - 动作 5: 选择 手牌 区的 基本【斗】能量
    - 动作 6: 打出手牌 #4
    - 动作 7: 附加卡牌到目标宝可梦
    - 动作 8: 打出手牌 #1
    - 动作 9: 打出手牌 #1
    - 动作 10: 打出手牌 #0
    - 动作 11: 选择 牌库 区的 利欧路
    - 动作 12: 打出手牌 #7
    - 动作 13: 打出手牌 #5
    - 动作 14: 选择 查看区 区的 超级路卡利欧ex
    - 动作 15: 使用招式 Cosmic Beam
  结果:
    - SHUFFLE
    - 玩家 1 将 基本【斗】能量 从 手牌 移动到 弃牌区
    - 玩家 1 抽到了 莉莉艾的决心
    - 玩家 1 抽到了 利欧路
    - 玩家 1 将 丹瑜 从 手牌 移动到 牌库
    - 玩家 1 将 莉莉艾的决心 从 手牌 移动到 牌库
    - 玩家 1 抽到了 对战锣
    - 玩家 1 抽到了 超级路卡利欧ex
    - 玩家 1 抽到了 老大的指令
    - 玩家 1 抽到了 丹瑜
    - 玩家 1 抽到了 基本【斗】能量
    - 玩家 1 抽到了 黑暗球
    - 玩家 1 将 对战锣 从 牌库 移动到 查看区
    - 玩家 1 将 基本【斗】能量 从 牌库 移动到 查看区
    - 玩家 1 将 太阳岩 从 牌库 移动到 查看区
    - 玩家 1 将 莉莉艾的决心 从 牌库 移动到 查看区
    - 玩家 1 将 超级路卡利欧ex 从 牌库 移动到 查看区
    - 玩家 1 抽了 1 张未知牌
    - 玩家 1 打出了 利欧路
    - 玩家 1 将 基本【斗】能量 附加到 太阳岩
    - 玩家 1 打出了 力量蛋白
    - 玩家 1 打出了 莉莉艾的决心
    - MOVE_CARD_REVERSE
    - 玩家 1 打出了 对战锣
    - 玩家 1 将 利欧路 从 牌库 移动到 手牌
    - 玩家 1 打出了 黑暗球
    - 玩家 1 将 超级路卡利欧ex 从 查看区 移动到 手牌
    - 玩家 1 使用了招式 Cosmic Beam
    - HP_CHANGE

第 2 回合
  玩家: 0 (crustle_mega_kangaskhan_rule_compact_v3)
  起始手牌: 白露的真心, 手牌修剪器, 特大冰淇淋
  动作:
    - 动作 16: SKILL；SKILL
    - 动作 17: ENERGY
    - 动作 18: 选择 备战区 区的 幕下力士
  结果:
    - MOVE_ATTACHED
    - HP_CHANGE
    - TURN_END
    - TURN_START
    - 玩家 0 抽到了 特大冰淇淋

第 3 回合
  玩家: 0 (crustle_mega_kangaskhan_rule_compact_v3)
  起始手牌: 白露的真心, 手牌修剪器, 特大冰淇淋, 特大冰淇淋
  动作:
    - 动作 1: 打出手牌 #1
  结果:
    - TURN_START
    - 玩家 0 抽了 1 张未知牌
    - 玩家 0 打出了 手牌修剪器

第 3 回合
  玩家: 1 (mega_lucario_beginner)
  起始手牌: 超级路卡利欧ex, 老大的指令, 丹瑜, 基本【斗】能量, 丹瑜, 基本【斗】能量, 超级路卡利欧ex
  动作:
    - 动作 2: 选择 手牌 区的 超级路卡利欧ex；选择 手牌 区的 老大的指令
  结果:
    - 无可读事件

第 3 回合
  玩家: 0 (crustle_mega_kangaskhan_rule_compact_v3)
  起始手牌: 白露的真心, 特大冰淇淋, 特大冰淇淋
  动作:
    - 动作 3: 使用能力 #0
    - 动作 4: 附加卡牌到目标宝可梦
    - 动作 5: 打出手牌 #3
    - 动作 6: 打出手牌 #1
    - 动作 7: 打出手牌 #2
    - 动作 8: 打出手牌 #3
    - 动作 9: 选择 牌库 区的 石居蟹
    - 动作 10: 结束回合
  结果:
    - 玩家 0 将 白露的真心 从 手牌 移动到 牌库
    - 玩家 0 将 特大冰淇淋 从 手牌 移动到 牌库
    - SHUFFLE
    - 玩家 0 抽到了 枇琶
    - 玩家 0 抽到了 超级袋兽ex
    - 玩家 0 抽到了 成长【草】能量
    - 玩家 0 抽到了 斗子
    - 玩家 0 抽到了 友好松饼
    - 玩家 0 抽到了 火箭队的兰斯达
    - 玩家 0 抽到了 特大冰淇淋
    - 玩家 0 抽了 1 张未知牌
    - 玩家 0 将 尖刺能量 附加到 超级袋兽ex
    - 玩家 0 打出了 莉莉艾的决心
    - MOVE_CARD_REVERSE
    - 玩家 0 打出了 超级袋兽ex
    - 玩家 0 打出了 友好松饼
    - 玩家 0 将 石居蟹 从 牌库 移动到 备战区
    - TURN_END
    - TURN_START
    - 玩家 1 抽到了 超级路卡利欧ex

第 4 回合
  玩家: 1 (mega_lucario_beginner)
  起始手牌: 丹瑜, 基本【斗】能量, 丹瑜, 基本【斗】能量, 超级路卡利欧ex, 超级路卡利欧ex
  动作:
    - 动作 1: 使用能力 #2
    - 动作 2: 选择 手牌 区的 基本【斗】能量
    - 动作 3: 让宝可梦进化为 #3
    - 动作 4: 让宝可梦进化为 #3
    - 动作 5: 附加卡牌到目标宝可梦
    - 动作 6: 附加卡牌到目标宝可梦
    - 动作 7: 打出手牌 #0
    - 动作 8: 打出手牌 #4
    - 动作 9: 选择 牌库 区的 超力王
    - 动作 10: 打出手牌 #0
    - 动作 11: 使用招式 Cosmic Beam
  结果:
    - 玩家 1 将 基本【斗】能量 从 手牌 移动到 弃牌区
    - 玩家 1 抽到了 英雄斗篷
    - 玩家 1 抽到了 超力王
    - 玩家 1 抽到了 基本【斗】能量
    - 玩家 1 将 丹瑜 从 手牌 移动到 弃牌区
    - 玩家 1 将 超力王 从 手牌 移动到 弃牌区
    - 玩家 1 抽到了 力量蛋白
    - 玩家 1 抽到了 太阳岩
    - 玩家 1 抽到了 莉莉艾的决心
    - 玩家 1 抽到了 宝可平板
    - SHUFFLE
    - TURN_START
    - 玩家 1 抽了 1 张未知牌
    - EVOLVE
    - 玩家 1 将 基本【斗】能量 附加到 太阳岩
    - 玩家 1 将 英雄斗篷 附加到 超级路卡利欧ex
    - 玩家 1 打出了 丹瑜
    - 玩家 1 打出了 宝可平板
    - 玩家 1 将 超力王 从 牌库 移动到 手牌
    - 玩家 1 打出了 力量蛋白
    - 玩家 1 使用了招式 Cosmic Beam
    - HP_CHANGE

第 4 回合
  玩家: 0 (crustle_mega_kangaskhan_rule_compact_v3)
  起始手牌: 枇琶, 成长【草】能量, 斗子, 火箭队的兰斯达, 特大冰淇淋
  动作:
    - 动作 12: SKILL；SKILL；SKILL
    - 动作 13: ENERGY
    - 动作 14: 选择 备战区 区的 幕下力士
  结果:
    - MOVE_ATTACHED
    - HP_CHANGE
    - TURN_END
    - TURN_START
    - 玩家 0 抽到了 宝可装置3.0

第 5 回合
  玩家: 0 (crustle_mega_kangaskhan_rule_compact_v3)
  起始手牌: 枇琶, 成长【草】能量, 斗子, 火箭队的兰斯达, 特大冰淇淋, 宝可装置3.0
  动作:
    - 动作 1: 附加卡牌到目标宝可梦
    - 动作 2: 使用招式 Rapid-Fire Combo
    - 动作 3: 选择 奖赏卡 区的 #0
  结果:
    - COIN
    - HP_CHANGE
    - 玩家 1 将 太阳岩 从 战斗位 移动到 弃牌区
    - TURN_END
    - TURN_START
    - 玩家 0 抽了 1 张未知牌
    - 玩家 0 将 成长【草】能量 附加到 超级袋兽ex
    - 玩家 0 使用了招式 Rapid-Fire Combo
    - MOVE_CARD_REVERSE

第 5 回合
  玩家: 1 (mega_lucario_beginner)
  起始手牌: 太阳岩, 基本【斗】能量, 莉莉艾的决心, 超力王
  动作:
    - 动作 4: 选择 备战区 区的 超级路卡利欧ex
  结果:
    - 无可读事件

第 6 回合
  玩家: 1 (mega_lucario_beginner)
  起始手牌: 太阳岩, 基本【斗】能量, 莉莉艾的决心, 超力王, 基本【斗】能量
  动作:
    - 动作 1: 打出手牌 #0
    - 动作 2: 使用能力 #2
    - 动作 3: 选择 手牌 区的 基本【斗】能量
    - 动作 4: 打出手牌 #3
    - 动作 5: 选择 牌库 区的 基本【斗】能量
    - 动作 6: 打出手牌 #3
    - 动作 8: 打出手牌 #3
    - 动作 9: 选择 牌库 区的 太阳岩
    - 动作 10: 附加卡牌到目标宝可梦
    - 动作 11: 打出手牌 #0
    - 动作 12: 使用招式 Aura Jab
    - 动作 13: 选择 弃牌区 区的 基本【斗】能量；选择 弃牌区 区的 基本【斗】能量；选择 弃牌区 区的 基本【斗】能量
    - 动作 14: 选择 备战区 区的 超级路卡利欧ex
    - 动作 15: 选择 备战区 区的 超级路卡利欧ex
    - 动作 16: 选择 备战区 区的 幕下力士
  结果:
    - 玩家 1 将 基本【斗】能量 从 手牌 移动到 弃牌区
    - 玩家 1 抽到了 对战锣
    - 玩家 1 抽到了 黑暗球
    - 玩家 1 抽到了 宝可平板
    - SHUFFLE
    - 玩家 1 将 老大的指令 从 牌库 移动到 查看区
    - 玩家 1 将 对战锣 从 牌库 移动到 查看区
    - 玩家 1 将 基本【斗】能量 从 牌库 移动到 查看区
    - 玩家 1 将 宝可梦交替 从 牌库 移动到 查看区
    - 玩家 1 将 丹瑜 从 牌库 移动到 查看区
    - 玩家 1 将 宝可平板 从 查看区 移动到 牌库
    - 玩家 1 将 老大的指令 从 查看区 移动到 牌库
    - 玩家 1 将 对战锣 从 查看区 移动到 牌库
    - 玩家 1 将 基本【斗】能量 从 查看区 移动到 牌库
    - 玩家 1 将 宝可梦交替 从 查看区 移动到 牌库
    - 玩家 1 将 丹瑜 从 查看区 移动到 牌库
    - 玩家 1 将 超力王 从 手牌 移动到 牌库
    - 玩家 1 将 基本【斗】能量 从 手牌 移动到 牌库
    - 玩家 1 将 太阳岩 从 手牌 移动到 牌库
    - 玩家 1 抽到了 重力山
    - 玩家 1 抽到了 丹瑜
    - 玩家 1 抽到了 基本【斗】能量
    - 玩家 1 抽到了 老大的指令
    - 玩家 1 抽到了 莉莉艾的决心
    - 玩家 1 将 基本【斗】能量 附加到 超级路卡利欧ex
    - 玩家 1 将 超级路卡利欧ex 从 备战区 移动到 战斗位
    - TURN_END
    - TURN_START
    - 玩家 1 抽了 1 张未知牌
    - 玩家 1 打出了 太阳岩
    - 玩家 1 打出了 对战锣
    - 玩家 1 将 基本【斗】能量 从 牌库 移动到 手牌
    - 玩家 1 打出了 黑暗球
    - MOVE_CARD_REVERSE
    - 玩家 1 打出了 宝可平板
    - 玩家 1 将 太阳岩 从 牌库 移动到 手牌
    - 玩家 1 打出了 莉莉艾的决心
    - 玩家 1 使用了招式 Aura Jab
    - HP_CHANGE
    - 玩家 1 将 基本【斗】能量 附加到 幕下力士

第 6 回合
  玩家: 0 (crustle_mega_kangaskhan_rule_compact_v3)
  起始手牌: 枇琶, 斗子, 火箭队的兰斯达, 特大冰淇淋, 宝可装置3.0, 斗子
  动作:
    - 动作 17: SKILL；SKILL；SKILL
    - 动作 18: ENERGY
    - 动作 19: 选择 备战区 区的 幕下力士
  结果:
    - 玩家 1 将 基本【斗】能量 附加到 幕下力士
    - MOVE_ATTACHED
    - HP_CHANGE
    - 玩家 0 将 超级袋兽ex 从 战斗位 移动到 弃牌区
    - 玩家 0 将 成长【草】能量 从 能量区 移动到 弃牌区
    - 玩家 0 将 尖刺能量 从 能量区 移动到 弃牌区
    - 玩家 0 将 手持循环扇 从 道具区 移动到 弃牌区

第 6 回合
  玩家: 1 (mega_lucario_beginner)
  起始手牌: 重力山, 丹瑜, 基本【斗】能量, 老大的指令, 基本【斗】能量, 基本【斗】能量, 基本【斗】能量, 莉莉艾的决心
  动作:
    - 动作 20: 选择 奖赏卡 区的 #0；选择 奖赏卡 区的 #1；选择 奖赏卡 区的 #2
  结果:
    - MOVE_CARD_REVERSE

第 6 回合
  玩家: 0 (crustle_mega_kangaskhan_rule_compact_v3)
  起始手牌: 枇琶, 斗子, 火箭队的兰斯达, 特大冰淇淋, 宝可装置3.0, 斗子
  动作:
    - 动作 21: 选择 备战区 区的 石居蟹
  结果:
    - 无可读事件

第 7 回合
  玩家: 0 (crustle_mega_kangaskhan_rule_compact_v3)
  起始手牌: 枇琶, 斗子, 火箭队的兰斯达, 特大冰淇淋, 宝可装置3.0, 斗子, 薄雾能量
  动作:
    - 动作 1: 打出手牌 #1
    - 动作 2: 选择 牌库 区的 岩殿居蟹
    - 动作 3: 选择 牌库 区的 成长【草】能量
    - 动作 4: 让宝可梦进化为 #6
    - 动作 5: 附加卡牌到目标宝可梦
    - 动作 6: 打出手牌 #3
    - 动作 7: 选择 查看区 区的 枇琶
    - 动作 8: 结束回合
  结果:
    - SHUFFLE
    - 玩家 0 将 枇琶 从 牌库 移动到 查看区
    - 玩家 0 将 老大的指令 从 牌库 移动到 查看区
    - 玩家 0 将 超级袋兽ex 从 牌库 移动到 查看区
    - 玩家 0 将 岩殿居蟹 从 牌库 移动到 查看区
    - 玩家 0 将 成长【草】能量 从 牌库 移动到 查看区
    - 玩家 0 将 英雄斗篷 从 牌库 移动到 查看区
    - 玩家 0 将 祭典会场 从 牌库 移动到 查看区
    - 玩家 0 将 岩殿居蟹 从 牌库 移动到 手牌
    - 玩家 0 将 成长【草】能量 从 牌库 移动到 手牌
    - EVOLVE
    - 玩家 0 将 成长【草】能量 附加到 岩殿居蟹
    - 玩家 0 打出了 宝可装置3.0
    - MOVE_CARD_REVERSE
    - 玩家 0 将 枇琶 从 查看区 移动到 手牌
    - TURN_END
    - TURN_START
    - 玩家 1 抽到了 超力王

第 8 回合
  玩家: 1 (mega_lucario_beginner)
  起始手牌: 重力山, 丹瑜, 基本【斗】能量, 老大的指令, 基本【斗】能量, 基本【斗】能量, 基本【斗】能量, 莉莉艾的决心, 宝可梦交替, 利欧路, 对战锣, 超力王
  动作:
    - 动作 1: 使用能力 #2
    - 动作 2: 选择 手牌 区的 基本【斗】能量
    - 动作 3: 打出手牌 #9
    - 动作 5: 打出手牌 #12
    - 动作 7: 让宝可梦进化为 #9
    - 动作 8: 选择 YES
    - 动作 9: 选择 备战区 区的 超级袋兽ex
    - 动作 10: 附加卡牌到目标宝可梦
    - 动作 11: 打出手牌 #6
    - 动作 12: 选择 备战区 区的 超力王
    - 动作 13: 打出手牌 #5
    - 动作 14: 打出手牌 #1
    - 动作 15: 选择 牌库 区的 基本【斗】能量
    - 动作 16: 打出手牌 #3
    - 动作 17: 选择 查看区 区的 利欧路
    - 动作 18: 使用招式 Wild Press
    - 动作 19: 选择 奖赏卡 区的 #0；选择 奖赏卡 区的 #1；选择 奖赏卡 区的 #2
  结果:
    - 玩家 1 将 基本【斗】能量 从 手牌 移动到 弃牌区
    - 玩家 1 抽到了 基本【斗】能量
    - 玩家 1 抽到了 太阳岩
    - 玩家 1 抽到了 黑暗球
    - 玩家 1 将 莉莉艾的决心 从 牌库 移动到 查看区
    - 玩家 1 将 力量蛋白 从 牌库 移动到 查看区
    - 玩家 1 将 宝可梦交替 从 牌库 移动到 查看区
    - 玩家 1 将 丹瑜 从 牌库 移动到 查看区
    - 玩家 1 将 黑暗球 从 牌库 移动到 查看区
    - 玩家 1 将 重力山 从 查看区 移动到 牌库
    - 玩家 1 将 莉莉艾的决心 从 查看区 移动到 牌库
    - 玩家 1 将 力量蛋白 从 查看区 移动到 牌库
    - 玩家 1 将 宝可梦交替 从 查看区 移动到 牌库
    - 玩家 1 将 丹瑜 从 查看区 移动到 牌库
    - 玩家 1 将 黑暗球 从 查看区 移动到 牌库
    - SHUFFLE
    - SWITCH
    - 玩家 1 将 重力山 从 手牌 移动到 牌库
    - 玩家 1 将 丹瑜 从 手牌 移动到 牌库
    - 玩家 1 将 老大的指令 从 手牌 移动到 牌库
    - 玩家 1 将 基本【斗】能量 从 手牌 移动到 牌库
    - 玩家 1 将 利欧路 从 手牌 移动到 牌库
    - 玩家 1 将 太阳岩 从 手牌 移动到 牌库
    - 玩家 1 抽到了 对战锣
    - 玩家 1 抽到了 力量蛋白
    - 玩家 1 抽到了 丹瑜
    - 玩家 1 抽到了 老大的指令
    - 玩家 1 将 宝可平板 从 牌库 移动到 查看区
    - 玩家 1 将 太阳岩 从 牌库 移动到 查看区
    - 玩家 1 将 重力山 从 牌库 移动到 查看区
    - 玩家 1 将 利欧路 从 牌库 移动到 查看区
